<?xml version="1.0" encoding="UTF-8"?>
<coverage generated="1539002583341" clover="4.2.0">
   <project name="modeladapter-stamp 1.0.0-SNAPSHOT" timestamp="1539002576857">
      <metrics coveredelements="185" complexity="961" loc="8044" methods="555" classes="77" statements="1907" packages="3" coveredconditionals="39" coveredmethods="24" elements="3114" ncloc="4647" files="45" conditionals="652" coveredstatements="122"/>
      <package name="eu.supersede.dynadapt.modeladapter">
         <metrics coveredelements="185" complexity="272" loc="2305" methods="91" classes="12" statements="720" coveredconditionals="39" coveredmethods="24" elements="1109" ncloc="1465" files="12" conditionals="298" coveredstatements="122"/>
         <file path="/home/yosu/Projects/STAMP/Git/Supersede/dyn_adapt/Enactment/components/adapter/model/eu.supersede.dynadapt.modeladapter-stamp/src/main/java/eu/supersede/dynadapt/modeladapter/Composable.java" name="Composable.java">
            <metrics coveredelements="0" coveredconditionals="0" complexity="0" loc="36" coveredmethods="0" methods="0" elements="0" classes="1" ncloc="10" statements="0" conditionals="0" coveredstatements="0"/>
            <class name="Composable">
               <metrics coveredelements="0" coveredconditionals="0" complexity="0" coveredmethods="0" methods="0" elements="0" statements="0" conditionals="0" coveredstatements="0"/>
            </class>
         </file>
         <file path="/home/yosu/Projects/STAMP/Git/Supersede/dyn_adapt/Enactment/components/adapter/model/eu.supersede.dynadapt.modeladapter-stamp/src/main/java/eu/supersede/dynadapt/modeladapter/ComposableActivityNode.java" name="ComposableActivityNode.java">
            <metrics coveredelements="0" coveredconditionals="0" complexity="11" loc="156" coveredmethods="0" methods="4" elements="63" classes="1" ncloc="93" statements="45" conditionals="14" coveredstatements="0"/>
            <class name="ComposableActivityNode">
               <metrics coveredelements="0" coveredconditionals="0" complexity="11" coveredmethods="0" methods="4" elements="63" statements="45" conditionals="14" coveredstatements="0"/>
            </class>
            <line complexity="1" visibility="public" signature="applyAddComposition(Model,Element,Model,Element) : void" num="49" count="0" type="method"/>
            <line complexity="1" visibility="public" signature="applyDeleteComposition(Model,Element,Model,Element) : void" num="55" count="0" type="method"/>
            <line complexity="3" visibility="public" signature="applyReplaceComposition(Model,Element,Model,Element) : void" num="61" count="0" type="method"/>
            <line num="65" count="0" type="stmt"/>
            <line num="66" count="0" type="stmt"/>
            <line num="67" count="0" type="stmt"/>
            <line num="68" count="0" type="stmt"/>
            <line num="71" count="0" type="stmt"/>
            <line num="72" count="0" type="stmt"/>
            <line num="73" count="0" type="stmt"/>
            <line num="74" count="0" type="stmt"/>
            <line falsecount="0" truecount="0" num="74" type="cond"/>
            <line num="75" count="0" type="stmt"/>
            <line num="77" count="0" type="stmt"/>
            <line falsecount="0" truecount="0" num="77" type="cond"/>
            <line num="78" count="0" type="stmt"/>
            <line num="82" count="0" type="stmt"/>
            <line num="84" count="0" type="stmt"/>
            <line num="89" count="0" type="stmt"/>
            <line num="91" count="0" type="stmt"/>
            <line num="92" count="0" type="stmt"/>
            <line num="93" count="0" type="stmt"/>
            <line num="95" count="0" type="stmt"/>
            <line num="96" count="0" type="stmt"/>
            <line num="98" count="0" type="stmt"/>
            <line num="108" count="0" type="stmt"/>
            <line complexity="6" visibility="private" signature="appendElementToBaseModel(ActivityImpl,ActivityNode,List&lt;ActivityEdge&gt;,List&lt;ActivityEdge&gt;) : List&lt;ActivityNode&gt;" num="115" count="0" type="method"/>
            <line num="118" count="0" type="stmt"/>
            <line num="120" count="0" type="stmt"/>
            <line num="122" count="0" type="stmt"/>
            <line falsecount="0" truecount="0" num="122" type="cond"/>
            <line num="123" count="0" type="stmt"/>
            <line num="124" count="0" type="stmt"/>
            <line num="126" count="0" type="stmt"/>
            <line num="127" count="0" type="stmt"/>
            <line num="129" count="0" type="stmt"/>
            <line num="130" count="0" type="stmt"/>
            <line num="131" count="0" type="stmt"/>
            <line falsecount="0" truecount="0" num="131" type="cond"/>
            <line num="132" count="0" type="stmt"/>
            <line num="134" count="0" type="stmt"/>
            <line falsecount="0" truecount="0" num="134" type="cond"/>
            <line num="135" count="0" type="stmt"/>
            <line num="138" count="0" type="stmt"/>
            <line num="140" count="0" type="stmt"/>
            <line num="142" count="0" type="stmt"/>
            <line falsecount="0" truecount="0" num="142" type="cond"/>
            <line num="143" count="0" type="stmt"/>
            <line num="144" count="0" type="stmt"/>
            <line falsecount="0" truecount="0" num="144" type="cond"/>
            <line num="145" count="0" type="stmt"/>
            <line num="147" count="0" type="stmt"/>
            <line num="148" count="0" type="stmt"/>
            <line num="149" count="0" type="stmt"/>
            <line num="150" count="0" type="stmt"/>
            <line num="154" count="0" type="stmt"/>
         </file>
         <file path="/home/yosu/Projects/STAMP/Git/Supersede/dyn_adapt/Enactment/components/adapter/model/eu.supersede.dynadapt.modeladapter-stamp/src/main/java/eu/supersede/dynadapt/modeladapter/ComposableClass.java" name="ComposableClass.java">
            <metrics coveredelements="47" coveredconditionals="8" complexity="45" loc="423" coveredmethods="8" methods="13" elements="169" classes="1" ncloc="221" statements="106" conditionals="50" coveredstatements="31"/>
            <class name="ComposableClass">
               <metrics coveredelements="47" coveredconditionals="8" complexity="45" coveredmethods="8" methods="13" elements="169" statements="106" conditionals="50" coveredstatements="31"/>
            </class>
            <line complexity="1" visibility="public" signature="ComposableClass(IModelQuery,HashMap&lt;Stereotype, List&lt;Element&gt;&gt;)" num="64" count="2" type="method"/>
            <line num="65" count="2" type="stmt"/>
            <line complexity="1" visibility="public" signature="applyAddComposition(Model,Element,Model,Element) : void" num="68" count="2" type="method"/>
            <line num="81" count="2" type="stmt"/>
            <line num="82" count="2" type="stmt"/>
            <line num="86" count="2" type="stmt"/>
            <line num="90" count="2" type="stmt"/>
            <line num="94" count="2" type="stmt"/>
            <line num="98" count="2" type="stmt"/>
            <line complexity="4" visibility="private" signature="addRealizations(Element,Element) : void" num="101" count="2" type="method"/>
            <line num="102" count="2" type="stmt"/>
            <line num="104" count="2" type="stmt"/>
            <line num="105" count="3" type="stmt"/>
            <line falsecount="0" truecount="3" num="105" type="cond"/>
            <line num="106" count="3" type="stmt"/>
            <line num="108" count="0" type="stmt"/>
            <line num="109" count="0" type="stmt"/>
            <line falsecount="0" truecount="0" num="109" type="cond"/>
            <line num="110" count="0" type="stmt"/>
            <line num="112" count="0" type="stmt"/>
            <line falsecount="0" truecount="0" num="112" type="cond"/>
            <line num="113" count="0" type="stmt"/>
            <line complexity="4" visibility="private" signature="addGeneralizations(Element,Element) : void" num="122" count="3" type="method"/>
            <line num="125" count="3" type="stmt"/>
            <line num="127" count="3" type="stmt"/>
            <line num="130" count="4" type="stmt"/>
            <line falsecount="1" truecount="3" num="130" type="cond"/>
            <line num="131" count="3" type="stmt"/>
            <line num="133" count="1" type="stmt"/>
            <line num="135" count="2" type="stmt"/>
            <line falsecount="1" truecount="1" num="135" type="cond"/>
            <line num="136" count="1" type="stmt"/>
            <line num="140" count="1" type="stmt"/>
            <line falsecount="0" truecount="1" num="140" type="cond"/>
            <line num="141" count="1" type="stmt"/>
            <line num="146" count="1" type="stmt"/>
            <line complexity="1" visibility="private" signature="addElementToModel(Model,PackageableElement) : Element" num="152" count="1" type="method"/>
            <line num="154" count="1" type="stmt"/>
            <line num="156" count="1" type="stmt"/>
            <line num="160" count="1" type="stmt"/>
            <line num="162" count="1" type="stmt"/>
            <line complexity="2" visibility="private" signature="createGeneralizationInClass(Generalization,Element) : void" num="165" count="1" type="method"/>
            <line num="166" count="1" type="stmt"/>
            <line falsecount="0" truecount="1" num="166" type="cond"/>
            <line num="168" count="1" type="stmt"/>
            <line complexity="2" visibility="private" signature="addOperations(ClassImpl,ClassImpl,Model) : void" num="175" count="2" type="method"/>
            <line num="176" count="2" type="stmt"/>
            <line num="177" count="0" type="stmt"/>
            <line falsecount="0" truecount="0" num="177" type="cond"/>
            <line num="178" count="0" type="stmt"/>
            <line num="179" count="0" type="stmt"/>
            <line complexity="2" visibility="private" signature="addProperties(ClassImpl,ClassImpl,Model) : void" num="185" count="2" type="method"/>
            <line num="186" count="2" type="stmt"/>
            <line num="187" count="4" type="stmt"/>
            <line falsecount="4" truecount="0" num="187" type="cond"/>
            <line num="188" count="0" type="stmt"/>
            <line num="189" count="4" type="stmt"/>
            <line complexity="7" visibility="public" signature="applyDeleteComposition(Model,Element,Model,Element) : void" num="230" count="0" type="method"/>
            <line num="233" count="0" type="stmt"/>
            <line num="234" count="0" type="stmt"/>
            <line num="246" count="0" type="stmt"/>
            <line num="247" count="0" type="stmt"/>
            <line num="248" count="0" type="stmt"/>
            <line num="249" count="0" type="stmt"/>
            <line num="250" count="0" type="stmt"/>
            <line falsecount="0" truecount="0" num="250" type="cond"/>
            <line num="251" count="0" type="stmt"/>
            <line falsecount="0" truecount="0" num="251" type="cond"/>
            <line num="253" count="0" type="stmt"/>
            <line num="258" count="0" type="stmt"/>
            <line num="259" count="0" type="stmt"/>
            <line falsecount="0" truecount="0" num="259" type="cond"/>
            <line num="260" count="0" type="stmt"/>
            <line num="262" count="0" type="stmt"/>
            <line falsecount="0" truecount="0" num="262" type="cond"/>
            <line num="264" count="0" type="stmt"/>
            <line num="277" count="0" type="stmt"/>
            <line num="278" count="0" type="stmt"/>
            <line num="280" count="0" type="stmt"/>
            <line num="282" count="0" type="stmt"/>
            <line num="283" count="0" type="stmt"/>
            <line num="284" count="0" type="stmt"/>
            <line num="286" count="0" type="stmt"/>
            <line falsecount="0" truecount="0" num="286" type="cond"/>
            <line num="287" count="0" type="stmt"/>
            <line num="288" count="0" type="stmt"/>
            <line num="291" count="0" type="stmt"/>
            <line num="292" count="0" type="stmt"/>
            <line num="293" count="0" type="stmt"/>
            <line num="303" count="0" type="stmt"/>
            <line num="304" count="0" type="stmt"/>
            <line num="305" count="0" type="stmt"/>
            <line num="312" count="0" type="stmt"/>
            <line num="313" count="0" type="stmt"/>
            <line complexity="2" visibility="private" signature="resolvedAndRemoveType(Type,Model,Model) : void" num="318" count="0" type="method"/>
            <line num="319" count="0" type="stmt"/>
            <line falsecount="0" truecount="0" num="319" type="cond"/>
            <line num="320" count="0" type="stmt"/>
            <line num="321" count="0" type="stmt"/>
            <line complexity="5" visibility="private" signature="removeType(Type,Model,Model) : void" num="327" count="0" type="method"/>
            <line num="329" count="0" type="stmt"/>
            <line num="330" count="0" type="stmt"/>
            <line falsecount="0" truecount="0" num="330" type="cond"/>
            <line num="331" count="0" type="stmt"/>
            <line falsecount="0" truecount="0" num="331" type="cond"/>
            <line num="333" count="0" type="stmt"/>
            <line num="336" count="0" type="stmt"/>
            <line num="339" count="0" type="stmt"/>
            <line num="340" count="0" type="stmt"/>
            <line num="344" count="0" type="stmt"/>
            <line num="345" count="0" type="stmt"/>
            <line falsecount="0" truecount="0" num="345" type="cond"/>
            <line num="346" count="0" type="stmt"/>
            <line complexity="13" visibility="private" signature="findReferencesOfType(Class,Model,Model) : List&lt;Type&gt;" num="353" count="0" type="method"/>
            <line num="355" count="0" type="stmt"/>
            <line num="361" count="0" type="stmt"/>
            <line num="363" count="0" type="stmt"/>
            <line num="364" count="0" type="stmt"/>
            <line falsecount="0" truecount="0" num="364" type="cond"/>
            <line num="365" count="0" type="stmt"/>
            <line falsecount="0" truecount="0" num="365" type="cond"/>
            <line num="367" count="0" type="stmt"/>
            <line num="371" count="0" type="stmt"/>
            <line falsecount="0" truecount="0" num="371" type="cond"/>
            <line num="373" count="0" type="stmt"/>
            <line num="382" count="0" type="stmt"/>
            <line num="383" count="0" type="stmt"/>
            <line num="384" count="0" type="stmt"/>
            <line num="385" count="0" type="stmt"/>
            <line falsecount="0" truecount="0" num="385" type="cond"/>
            <line num="387" count="0" type="stmt"/>
            <line num="391" count="0" type="stmt"/>
            <line falsecount="0" truecount="0" num="391" type="cond"/>
            <line num="392" count="0" type="stmt"/>
            <line num="393" count="0" type="stmt"/>
            <line falsecount="0" truecount="0" num="393" type="cond"/>
            <line num="395" count="0" type="stmt"/>
            <line num="406" count="0" type="stmt"/>
            <line num="407" count="0" type="stmt"/>
            <line num="408" count="0" type="stmt"/>
            <line falsecount="0" truecount="0" num="408" type="cond"/>
            <line num="410" count="0" type="stmt"/>
            <line num="414" count="0" type="stmt"/>
            <line complexity="1" visibility="public" signature="applyReplaceComposition(Model,Element,Model,Element) : void" num="418" count="0" type="method"/>
         </file>
         <file path="/home/yosu/Projects/STAMP/Git/Supersede/dyn_adapt/Enactment/components/adapter/model/eu.supersede.dynadapt.modeladapter-stamp/src/main/java/eu/supersede/dynadapt/modeladapter/ComposableExecutionEnvironment.java" name="ComposableExecutionEnvironment.java">
            <metrics coveredelements="0" coveredconditionals="0" complexity="12" loc="107" coveredmethods="0" methods="7" elements="39" classes="1" ncloc="79" statements="24" conditionals="8" coveredstatements="0"/>
            <class name="ComposableExecutionEnvironment">
               <metrics coveredelements="0" coveredconditionals="0" complexity="12" coveredmethods="0" methods="7" elements="39" statements="24" conditionals="8" coveredstatements="0"/>
            </class>
            <line complexity="1" visibility="public" signature="ComposableExecutionEnvironment(IModelQuery,HashMap&lt;Stereotype, List&lt;Element&gt;&gt;)" num="27" count="0" type="method"/>
            <line num="28" count="0" type="stmt"/>
            <line complexity="2" visibility="public" signature="applyAddComposition(Model,Element,Model,Element) : void" num="31" count="0" type="method"/>
            <line num="41" count="0" type="stmt"/>
            <line num="42" count="0" type="stmt"/>
            <line num="43" count="0" type="stmt"/>
            <line falsecount="0" truecount="0" num="43" type="cond"/>
            <line num="44" count="0" type="stmt"/>
            <line num="47" count="0" type="stmt"/>
            <line complexity="1" visibility="public" signature="applyDeleteComposition(Model,Element,Model,Element) : void" num="53" count="0" type="method"/>
            <line complexity="1" visibility="public" signature="applyReplaceComposition(Model,Element,Model,Element) : void" num="60" count="0" type="method"/>
            <line complexity="2" visibility="private" signature="addManifestationInModel(Manifestation,Model) : void" num="67" count="0" type="method"/>
            <line num="70" count="0" type="stmt"/>
            <line num="71" count="0" type="stmt"/>
            <line falsecount="0" truecount="0" num="71" type="cond"/>
            <line num="72" count="0" type="stmt"/>
            <line complexity="3" visibility="private" signature="getManifestationForExecutionEnvironment(ExecutionEnvironment) : Set&lt;Manifestation&gt;" num="78" count="0" type="method"/>
            <line num="79" count="0" type="stmt"/>
            <line num="80" count="0" type="stmt"/>
            <line num="81" count="0" type="stmt"/>
            <line num="83" count="0" type="stmt"/>
            <line num="85" count="0" type="stmt"/>
            <line num="86" count="0" type="stmt"/>
            <line falsecount="0" truecount="0" num="86" type="cond"/>
            <line num="87" count="0" type="stmt"/>
            <line num="91" count="0" type="stmt"/>
            <line num="93" count="0" type="stmt"/>
            <line complexity="2" visibility="private" signature="manifestationContainsElementAsClient(Manifestation,ExecutionEnvironment) : boolean" num="96" count="0" type="method"/>
            <line num="97" count="0" type="stmt"/>
            <line num="98" count="0" type="stmt"/>
            <line num="99" count="0" type="stmt"/>
            <line falsecount="0" truecount="0" num="99" type="cond"/>
            <line num="100" count="0" type="stmt"/>
            <line num="101" count="0" type="stmt"/>
            <line num="104" count="0" type="stmt"/>
         </file>
         <file path="/home/yosu/Projects/STAMP/Git/Supersede/dyn_adapt/Enactment/components/adapter/model/eu.supersede.dynadapt.modeladapter-stamp/src/main/java/eu/supersede/dynadapt/modeladapter/ComposableFactory.java" name="ComposableFactory.java">
            <metrics coveredelements="8" coveredconditionals="0" complexity="6" loc="64" coveredmethods="1" methods="1" elements="20" classes="1" ncloc="34" statements="19" conditionals="0" coveredstatements="7"/>
            <class name="ComposableFactory">
               <metrics coveredelements="8" coveredconditionals="0" complexity="6" coveredmethods="1" methods="1" elements="20" statements="19" conditionals="0" coveredstatements="7"/>
            </class>
            <line complexity="6" visibility="public" signature="create(Element,IModelQuery,HashMap&lt;Stereotype, List&lt;Element&gt;&gt;) : Composable" num="41" count="2" type="method"/>
            <line num="42" count="2" type="stmt"/>
            <line num="43" count="2" type="stmt"/>
            <line num="44" count="2" type="stmt"/>
            <line num="45" count="0" type="stmt"/>
            <line num="46" count="0" type="stmt"/>
            <line num="47" count="0" type="stmt"/>
            <line num="48" count="2" type="stmt"/>
            <line num="49" count="2" type="stmt"/>
            <line num="50" count="2" type="stmt"/>
            <line num="51" count="0" type="stmt"/>
            <line num="52" count="0" type="stmt"/>
            <line num="53" count="0" type="stmt"/>
            <line num="54" count="0" type="stmt"/>
            <line num="55" count="0" type="stmt"/>
            <line num="56" count="0" type="stmt"/>
            <line num="57" count="0" type="stmt"/>
            <line num="58" count="0" type="stmt"/>
            <line num="59" count="0" type="stmt"/>
            <line num="61" count="2" type="stmt"/>
         </file>
         <file path="/home/yosu/Projects/STAMP/Git/Supersede/dyn_adapt/Enactment/components/adapter/model/eu.supersede.dynadapt.modeladapter-stamp/src/main/java/eu/supersede/dynadapt/modeladapter/ComposableImpl.java" name="ComposableImpl.java">
            <metrics coveredelements="3" coveredconditionals="0" complexity="1" loc="19" coveredmethods="1" methods="1" elements="3" classes="1" ncloc="14" statements="2" conditionals="0" coveredstatements="2"/>
            <class name="ComposableImpl">
               <metrics coveredelements="3" coveredconditionals="0" complexity="1" coveredmethods="1" methods="1" elements="3" statements="2" conditionals="0" coveredstatements="2"/>
            </class>
            <line complexity="1" visibility="public" signature="ComposableImpl(IModelQuery,HashMap&lt;Stereotype, List&lt;Element&gt;&gt;)" num="15" count="2" type="method"/>
            <line num="16" count="2" type="stmt"/>
            <line num="17" count="2" type="stmt"/>
         </file>
         <file path="/home/yosu/Projects/STAMP/Git/Supersede/dyn_adapt/Enactment/components/adapter/model/eu.supersede.dynadapt.modeladapter-stamp/src/main/java/eu/supersede/dynadapt/modeladapter/ComposableInstanceSpecification.java" name="ComposableInstanceSpecification.java">
            <metrics coveredelements="0" coveredconditionals="0" complexity="27" loc="282" coveredmethods="0" methods="11" elements="103" classes="1" ncloc="149" statements="68" conditionals="24" coveredstatements="0"/>
            <class name="ComposableInstanceSpecification">
               <metrics coveredelements="0" coveredconditionals="0" complexity="27" coveredmethods="0" methods="11" elements="103" statements="68" conditionals="24" coveredstatements="0"/>
            </class>
            <line complexity="1" visibility="public" signature="ComposableInstanceSpecification(IModelQuery,HashMap&lt;Stereotype, List&lt;Element&gt;&gt;)" num="60" count="0" type="method"/>
            <line num="61" count="0" type="stmt"/>
            <line complexity="2" visibility="public" signature="applyAddComposition(Model,Element,Model,Element) : void" num="64" count="0" type="method"/>
            <line num="67" count="0" type="stmt"/>
            <line num="68" count="0" type="stmt"/>
            <line num="70" count="0" type="stmt"/>
            <line num="71" count="0" type="stmt"/>
            <line num="72" count="0" type="stmt"/>
            <line num="76" count="0" type="stmt"/>
            <line num="80" count="0" type="stmt"/>
            <line falsecount="0" truecount="0" num="80" type="cond"/>
            <line num="81" count="0" type="stmt"/>
            <line num="82" count="0" type="stmt"/>
            <line complexity="1" visibility="public" signature="applyDeleteComposition(Model,Element,Model,Element) : void" num="87" count="0" type="method"/>
            <line num="90" count="0" type="stmt"/>
            <line num="91" count="0" type="stmt"/>
            <line num="94" count="0" type="stmt"/>
            <line num="95" count="0" type="stmt"/>
            <line num="100" count="0" type="stmt"/>
            <line num="102" count="0" type="stmt"/>
            <line num="103" count="0" type="stmt"/>
            <line complexity="1" visibility="private" signature="addSlotInInstanceSpecification(Slot,InstanceSpecification,Model) : void" num="107" count="0" type="method"/>
            <line num="109" count="0" type="stmt"/>
            <line complexity="3" visibility="private" signature="createValueSpecificationInstance(Model,InstanceValue) : InstanceSpecification" num="143" count="0" type="method"/>
            <line num="144" count="0" type="stmt"/>
            <line num="146" count="0" type="stmt"/>
            <line num="149" count="0" type="stmt"/>
            <line num="150" count="0" type="stmt"/>
            <line falsecount="0" truecount="0" num="150" type="cond"/>
            <line num="151" count="0" type="stmt"/>
            <line num="153" count="0" type="stmt"/>
            <line num="157" count="0" type="stmt"/>
            <line complexity="2" visibility="private" signature="addInstanceSpecificationInModel(InstanceSpecification,Model) : void" num="160" count="0" type="method"/>
            <line num="162" count="0" type="stmt"/>
            <line num="163" count="0" type="stmt"/>
            <line falsecount="0" truecount="0" num="163" type="cond"/>
            <line num="167" count="0" type="stmt"/>
            <line num="168" count="0" type="stmt"/>
            <line num="169" count="0" type="stmt"/>
            <line complexity="3" visibility="private" signature="getReferencingInstanceSpecificationLinks(InstanceSpecification,Model) : Set&lt;InstanceSpecification&gt;" num="175" count="0" type="method"/>
            <line num="176" count="0" type="stmt"/>
            <line num="177" count="0" type="stmt"/>
            <line num="178" count="0" type="stmt"/>
            <line num="180" count="0" type="stmt"/>
            <line num="182" count="0" type="stmt"/>
            <line num="183" count="0" type="stmt"/>
            <line falsecount="0" truecount="0" num="183" type="cond"/>
            <line num="184" count="0" type="stmt"/>
            <line num="188" count="0" type="stmt"/>
            <line num="190" count="0" type="stmt"/>
            <line complexity="6" visibility="private" signature="deleteInstanceSpecificationInModel(InstanceSpecification,Element,Model) : void" num="193" count="0" type="method"/>
            <line num="195" count="0" type="stmt"/>
            <line num="196" count="0" type="stmt"/>
            <line num="196" count="0" type="stmt"/>
            <line falsecount="0" truecount="0" num="196" type="cond"/>
            <line num="199" count="0" type="stmt"/>
            <line num="200" count="0" type="stmt"/>
            <line num="201" count="0" type="stmt"/>
            <line falsecount="0" truecount="0" num="201" type="cond"/>
            <line num="202" count="0" type="stmt"/>
            <line falsecount="0" truecount="0" num="202" type="cond"/>
            <line num="203" count="0" type="stmt"/>
            <line num="208" count="0" type="stmt"/>
            <line falsecount="0" truecount="0" num="208" type="cond"/>
            <line num="209" count="0" type="stmt"/>
            <line num="211" count="0" type="stmt"/>
            <line num="218" count="0" type="stmt"/>
            <line complexity="4" visibility="private" signature="deleteSlotInInstanceBase(Slot,InstanceSpecification) : void" num="221" count="0" type="method"/>
            <line num="223" count="0" type="stmt"/>
            <line num="224" count="0" type="stmt"/>
            <line num="225" count="0" type="stmt"/>
            <line falsecount="0" truecount="0" num="225" type="cond"/>
            <line num="226" count="0" type="stmt"/>
            <line num="230" count="0" type="stmt"/>
            <line falsecount="0" truecount="0" num="230" type="cond"/>
            <line num="232" count="0" type="stmt"/>
            <line num="233" count="0" type="stmt"/>
            <line num="234" count="0" type="stmt"/>
            <line num="237" count="0" type="stmt"/>
            <line num="238" count="0" type="stmt"/>
            <line complexity="3" visibility="private" signature="destroySlotValueSpecification(Slot) : void" num="242" count="0" type="method"/>
            <line num="243" count="0" type="stmt"/>
            <line num="244" count="0" type="stmt"/>
            <line falsecount="0" truecount="0" num="244" type="cond"/>
            <line num="245" count="0" type="stmt"/>
            <line num="246" count="0" type="stmt"/>
            <line num="247" count="0" type="stmt"/>
            <line falsecount="0" truecount="0" num="247" type="cond"/>
            <line num="248" count="0" type="stmt"/>
            <line num="249" count="0" type="stmt"/>
            <line complexity="1" visibility="public" signature="applyReplaceComposition(Model,Element,Model,Element) : void" num="254" count="0" type="method"/>
         </file>
         <file path="/home/yosu/Projects/STAMP/Git/Supersede/dyn_adapt/Enactment/components/adapter/model/eu.supersede.dynadapt.modeladapter-stamp/src/main/java/eu/supersede/dynadapt/modeladapter/ComposableOpaqueAction.java" name="ComposableOpaqueAction.java">
            <metrics coveredelements="0" coveredconditionals="0" complexity="10" loc="157" coveredmethods="0" methods="4" elements="63" classes="1" ncloc="99" statements="47" conditionals="12" coveredstatements="0"/>
            <class name="ComposableOpaqueAction">
               <metrics coveredelements="0" coveredconditionals="0" complexity="10" coveredmethods="0" methods="4" elements="63" statements="47" conditionals="12" coveredstatements="0"/>
            </class>
            <line complexity="1" visibility="public" signature="applyAddComposition(Model,Element,Model,Element) : void" num="54" count="0" type="method"/>
            <line complexity="1" visibility="public" signature="applyDeleteComposition(Model,Element,Model,Element) : void" num="60" count="0" type="method"/>
            <line complexity="2" visibility="public" signature="applyReplaceComposition(Model,Element,Model,Element) : void" num="66" count="0" type="method"/>
            <line num="70" count="0" type="stmt"/>
            <line num="71" count="0" type="stmt"/>
            <line num="72" count="0" type="stmt"/>
            <line num="74" count="0" type="stmt"/>
            <line num="75" count="0" type="stmt"/>
            <line num="78" count="0" type="stmt"/>
            <line num="79" count="0" type="stmt"/>
            <line num="80" count="0" type="stmt"/>
            <line falsecount="0" truecount="0" num="80" type="cond"/>
            <line num="81" count="0" type="stmt"/>
            <line num="86" count="0" type="stmt"/>
            <line num="89" count="0" type="stmt"/>
            <line num="90" count="0" type="stmt"/>
            <line num="91" count="0" type="stmt"/>
            <line num="92" count="0" type="stmt"/>
            <line num="93" count="0" type="stmt"/>
            <line num="94" count="0" type="stmt"/>
            <line num="99" count="0" type="stmt"/>
            <line num="100" count="0" type="stmt"/>
            <line num="101" count="0" type="stmt"/>
            <line num="102" count="0" type="stmt"/>
            <line num="105" count="0" type="stmt"/>
            <line num="106" count="0" type="stmt"/>
            <line complexity="6" visibility="private" signature="appendElementToBaseModel(ActivityImpl,OpaqueAction,List&lt;ActivityEdge&gt;,List&lt;ActivityEdge&gt;) : List&lt;ActivityNode&gt;" num="113" count="0" type="method"/>
            <line num="116" count="0" type="stmt"/>
            <line num="118" count="0" type="stmt"/>
            <line num="120" count="0" type="stmt"/>
            <line falsecount="0" truecount="0" num="120" type="cond"/>
            <line num="121" count="0" type="stmt"/>
            <line num="122" count="0" type="stmt"/>
            <line num="125" count="0" type="stmt"/>
            <line num="126" count="0" type="stmt"/>
            <line num="127" count="0" type="stmt"/>
            <line num="129" count="0" type="stmt"/>
            <line num="130" count="0" type="stmt"/>
            <line num="131" count="0" type="stmt"/>
            <line num="132" count="0" type="stmt"/>
            <line falsecount="0" truecount="0" num="132" type="cond"/>
            <line num="133" count="0" type="stmt"/>
            <line num="135" count="0" type="stmt"/>
            <line falsecount="0" truecount="0" num="135" type="cond"/>
            <line num="136" count="0" type="stmt"/>
            <line num="141" count="0" type="stmt"/>
            <line falsecount="0" truecount="0" num="141" type="cond"/>
            <line num="142" count="0" type="stmt"/>
            <line num="143" count="0" type="stmt"/>
            <line falsecount="0" truecount="0" num="143" type="cond"/>
            <line num="144" count="0" type="stmt"/>
            <line num="146" count="0" type="stmt"/>
            <line num="147" count="0" type="stmt"/>
            <line num="148" count="0" type="stmt"/>
            <line num="149" count="0" type="stmt"/>
            <line num="150" count="0" type="stmt"/>
            <line num="154" count="0" type="stmt"/>
         </file>
         <file path="/home/yosu/Projects/STAMP/Git/Supersede/dyn_adapt/Enactment/components/adapter/model/eu.supersede.dynadapt.modeladapter-stamp/src/main/java/eu/supersede/dynadapt/modeladapter/CompositionDirective.java" name="CompositionDirective.java">
            <metrics coveredelements="0" coveredconditionals="0" complexity="0" loc="31" coveredmethods="0" methods="0" elements="0" classes="1" ncloc="7" statements="0" conditionals="0" coveredstatements="0"/>
            <class name="CompositionDirective">
               <metrics coveredelements="0" coveredconditionals="0" complexity="0" coveredmethods="0" methods="0" elements="0" statements="0" conditionals="0" coveredstatements="0"/>
            </class>
         </file>
         <file path="/home/yosu/Projects/STAMP/Git/Supersede/dyn_adapt/Enactment/components/adapter/model/eu.supersede.dynadapt.modeladapter-stamp/src/main/java/eu/supersede/dynadapt/modeladapter/IModelAdapter.java" name="IModelAdapter.java">
            <metrics coveredelements="0" coveredconditionals="0" complexity="0" loc="49" coveredmethods="0" methods="0" elements="0" classes="1" ncloc="14" statements="0" conditionals="0" coveredstatements="0"/>
            <class name="IModelAdapter">
               <metrics coveredelements="0" coveredconditionals="0" complexity="0" coveredmethods="0" methods="0" elements="0" statements="0" conditionals="0" coveredstatements="0"/>
            </class>
         </file>
         <file path="/home/yosu/Projects/STAMP/Git/Supersede/dyn_adapt/Enactment/components/adapter/model/eu.supersede.dynadapt.modeladapter-stamp/src/main/java/eu/supersede/dynadapt/modeladapter/ModelAdapter.java" name="ModelAdapter.java">
            <metrics coveredelements="17" coveredconditionals="4" complexity="13" loc="127" coveredmethods="2" methods="4" elements="60" classes="1" ncloc="85" statements="38" conditionals="18" coveredstatements="11"/>
            <class name="ModelAdapter">
               <metrics coveredelements="17" coveredconditionals="4" complexity="13" coveredmethods="2" methods="4" elements="60" statements="38" conditionals="18" coveredstatements="11"/>
            </class>
            <line complexity="1" visibility="public" signature="ModelAdapter(IModelManager)" num="55" count="1" type="method"/>
            <line num="56" count="1" type="stmt"/>
            <line num="57" count="1" type="stmt"/>
            <line complexity="6" visibility="public" signature="applyCompositionDirective(ActionOptionType,Model,HashMap&lt;Stereotype, List&lt;Element&gt;&gt;,Stereotype,Model) : Model" num="60" count="2" type="method"/>
            <line num="65" count="2" type="stmt"/>
            <line num="68" count="2" type="stmt"/>
            <line falsecount="2" truecount="0" num="68" type="cond"/>
            <line num="69" count="0" type="stmt"/>
            <line num="71" count="0" type="stmt"/>
            <line num="73" count="2" type="stmt"/>
            <line num="75" count="2" type="stmt"/>
            <line num="76" count="4" type="stmt"/>
            <line num="78" count="4" type="stmt"/>
            <line falsecount="2" truecount="2" num="78" type="cond"/>
            <line num="79" count="2" type="stmt"/>
            <line falsecount="0" truecount="2" num="79" type="cond"/>
            <line num="80" count="2" type="stmt"/>
            <line num="81" count="0" type="stmt"/>
            <line falsecount="0" truecount="0" num="81" type="cond"/>
            <line num="82" count="0" type="stmt"/>
            <line num="83" count="0" type="stmt"/>
            <line falsecount="0" truecount="0" num="83" type="cond"/>
            <line num="84" count="0" type="stmt"/>
            <line num="89" count="2" type="stmt"/>
            <line complexity="5" visibility="public" signature="applyUpdateComposition(Model,Slot,String) : Model" num="92" count="0" type="method"/>
            <line num="95" count="0" type="stmt"/>
            <line num="97" count="0" type="stmt"/>
            <line falsecount="0" truecount="0" num="97" type="cond"/>
            <line num="98" count="0" type="stmt"/>
            <line num="99" count="0" type="stmt"/>
            <line num="100" count="0" type="stmt"/>
            <line falsecount="0" truecount="0" num="100" type="cond"/>
            <line num="101" count="0" type="stmt"/>
            <line num="102" count="0" type="stmt"/>
            <line num="103" count="0" type="stmt"/>
            <line falsecount="0" truecount="0" num="103" type="cond"/>
            <line num="104" count="0" type="stmt"/>
            <line num="105" count="0" type="stmt"/>
            <line num="106" count="0" type="stmt"/>
            <line falsecount="0" truecount="0" num="106" type="cond"/>
            <line num="107" count="0" type="stmt"/>
            <line num="108" count="0" type="stmt"/>
            <line num="110" count="0" type="stmt"/>
            <line num="112" count="0" type="stmt"/>
            <line complexity="1" visibility="public" signature="applyUpdateCompositionDirective(Model,HashMap&lt;Stereotype, List&lt;Element&gt;&gt;,String) : Model" num="115" count="0" type="method"/>
            <line num="117" count="0" type="stmt"/>
            <line num="118" count="0" type="stmt"/>
            <line num="119" count="0" type="stmt"/>
            <line num="120" count="0" type="stmt"/>
            <line num="121" count="0" type="stmt"/>
            <line num="124" count="0" type="stmt"/>
         </file>
         <file path="/home/yosu/Projects/STAMP/Git/Supersede/dyn_adapt/Enactment/components/adapter/model/eu.supersede.dynadapt.modeladapter-stamp/src/main/java/eu/supersede/dynadapt/modeladapter/ModelAdapterUtilities.java" name="ModelAdapterUtilities.java">
            <metrics coveredelements="110" coveredconditionals="27" complexity="147" loc="854" coveredmethods="12" methods="46" elements="589" classes="1" ncloc="660" statements="371" conditionals="172" coveredstatements="71"/>
            <class name="ModelAdapterUtilities">
               <metrics coveredelements="110" coveredconditionals="27" complexity="147" coveredmethods="12" methods="46" elements="589" statements="371" conditionals="172" coveredstatements="71"/>
            </class>
            <line complexity="5" visibility="public" signature="checkSameRelationship(Relationship,Relationship) : boolean" num="92" count="0" type="method"/>
            <line num="93" count="0" type="stmt"/>
            <line falsecount="0" truecount="0" num="93" type="cond"/>
            <line num="94" count="0" type="stmt"/>
            <line num="95" count="0" type="stmt"/>
            <line num="96" count="0" type="stmt"/>
            <line falsecount="0" truecount="0" num="96" type="cond"/>
            <line num="97" count="0" type="stmt"/>
            <line num="98" count="0" type="stmt"/>
            <line falsecount="0" truecount="0" num="98" type="cond"/>
            <line num="99" count="0" type="stmt"/>
            <line num="100" count="0" type="stmt"/>
            <line num="103" count="0" type="stmt"/>
            <line falsecount="0" truecount="0" num="103" type="cond"/>
            <line num="104" count="0" type="stmt"/>
            <line num="106" count="0" type="stmt"/>
            <line complexity="5" visibility="public" signature="modelContainsElement(NamedElement,Model) : boolean" num="109" count="0" type="method"/>
            <line num="110" count="0" type="stmt"/>
            <line num="111" count="0" type="stmt"/>
            <line falsecount="0" truecount="0" num="111" type="cond"/>
            <line num="112" count="0" type="stmt"/>
            <line num="113" count="0" type="stmt"/>
            <line falsecount="0" truecount="0" num="113" type="cond"/>
            <line num="114" count="0" type="stmt"/>
            <line num="115" count="0" type="stmt"/>
            <line falsecount="0" truecount="0" num="115" type="cond"/>
            <line num="116" count="0" type="stmt"/>
            <line falsecount="0" truecount="0" num="116" type="cond"/>
            <line num="117" count="0" type="stmt"/>
            <line num="121" count="0" type="stmt"/>
            <line complexity="6" visibility="public" signature="getInstances(ClassImpl,Model) : List&lt;NamedElement&gt;" num="124" count="0" type="method"/>
            <line num="125" count="0" type="stmt"/>
            <line num="126" count="0" type="stmt"/>
            <line num="127" count="0" type="stmt"/>
            <line falsecount="0" truecount="0" num="127" type="cond"/>
            <line num="128" count="0" type="stmt"/>
            <line num="129" count="0" type="stmt"/>
            <line falsecount="0" truecount="0" num="129" type="cond"/>
            <line num="130" count="0" type="stmt"/>
            <line num="132" count="0" type="stmt"/>
            <line falsecount="0" truecount="0" num="132" type="cond"/>
            <line num="133" count="0" type="stmt"/>
            <line num="134" count="0" type="stmt"/>
            <line falsecount="0" truecount="0" num="134" type="cond"/>
            <line num="135" count="0" type="stmt"/>
            <line num="139" count="0" type="stmt"/>
            <line complexity="2" visibility="public" signature="getPackageInModel(Package,Model) : Package" num="142" count="0" type="method"/>
            <line num="145" count="0" type="stmt"/>
            <line num="146" count="0" type="stmt"/>
            <line num="147" count="0" type="stmt"/>
            <line num="149" count="0" type="stmt"/>
            <line num="150" count="0" type="stmt"/>
            <line falsecount="0" truecount="0" num="150" type="cond"/>
            <line num="151" count="0" type="stmt"/>
            <line num="153" count="0" type="stmt"/>
            <line complexity="2" visibility="public" signature="getPackageInPackage(List&lt;String&gt;,Package) : Package" num="156" count="0" type="method"/>
            <line num="157" count="0" type="stmt"/>
            <line falsecount="0" truecount="0" num="157" type="cond"/>
            <line num="158" count="0" type="stmt"/>
            <line num="160" count="0" type="stmt"/>
            <line num="161" count="0" type="stmt"/>
            <line num="162" count="0" type="stmt"/>
            <line num="164" count="0" type="stmt"/>
            <line complexity="1" visibility="public" signature="addElementInPackage(PackageableElement,Package) : void" num="167" count="0" type="method"/>
            <line num="168" count="0" type="stmt"/>
            <line complexity="3" visibility="public" signature="findElementInModel(NamedElement,Model) : Element" num="171" count="0" type="method"/>
            <line num="172" count="0" type="stmt"/>
            <line num="173" count="0" type="stmt"/>
            <line num="174" count="0" type="stmt"/>
            <line num="175" count="0" type="stmt"/>
            <line falsecount="0" truecount="0" num="175" type="cond"/>
            <line num="176" count="0" type="stmt"/>
            <line falsecount="0" truecount="0" num="176" type="cond"/>
            <line num="177" count="0" type="stmt"/>
            <line num="178" count="0" type="stmt"/>
            <line num="180" count="0" type="stmt"/>
            <line num="184" count="0" type="stmt"/>
            <line complexity="3" visibility="private" signature="findElement(NamedElement,NamedElement) : Element" num="187" count="0" type="method"/>
            <line num="188" count="0" type="stmt"/>
            <line num="189" count="0" type="stmt"/>
            <line num="190" count="0" type="stmt"/>
            <line num="191" count="0" type="stmt"/>
            <line falsecount="0" truecount="0" num="191" type="cond"/>
            <line num="192" count="0" type="stmt"/>
            <line falsecount="0" truecount="0" num="192" type="cond"/>
            <line num="193" count="0" type="stmt"/>
            <line num="194" count="0" type="stmt"/>
            <line num="196" count="0" type="stmt"/>
            <line num="200" count="0" type="stmt"/>
            <line complexity="1" visibility="public" signature="getQualifiedName(NamedElement) : String" num="203" count="0" type="method"/>
            <line num="204" count="0" type="stmt"/>
            <line num="205" count="0" type="stmt"/>
            <line complexity="5" visibility="private" signature="getQualifiedName(String,Element) : String" num="208" count="0" type="method"/>
            <line num="209" count="0" type="stmt"/>
            <line falsecount="0" truecount="0" num="209" type="cond"/>
            <line num="210" count="0" type="stmt"/>
            <line num="210" count="0" type="stmt"/>
            <line falsecount="0" truecount="0" num="210" type="cond"/>
            <line num="211" count="0" type="stmt"/>
            <line falsecount="0" truecount="0" num="211" type="cond"/>
            <line num="212" count="0" type="stmt"/>
            <line num="214" count="0" type="stmt"/>
            <line num="215" count="0" type="stmt"/>
            <line falsecount="0" truecount="0" num="215" type="cond"/>
            <line num="216" count="0" type="stmt"/>
            <line num="218" count="0" type="stmt"/>
            <line complexity="3" visibility="private" signature="inverseStringWithDelimiter(String,String) : String" num="221" count="0" type="method"/>
            <line num="222" count="0" type="stmt"/>
            <line num="223" count="0" type="stmt"/>
            <line num="224" count="0" type="stmt"/>
            <line num="225" count="0" type="stmt"/>
            <line falsecount="0" truecount="0" num="225" type="cond"/>
            <line num="226" count="0" type="stmt"/>
            <line num="228" count="0" type="stmt"/>
            <line num="229" count="0" type="stmt"/>
            <line falsecount="0" truecount="0" num="229" type="cond"/>
            <line num="230" count="0" type="stmt"/>
            <line num="231" count="0" type="stmt"/>
            <line num="232" count="0" type="stmt"/>
            <line complexity="10" visibility="public" signature="getEquivalentElementInModel(NamedElement,Model) : Element" num="235" count="23" type="method"/>
            <line num="238" count="23" type="stmt"/>
            <line falsecount="11" truecount="12" num="238" type="cond"/>
            <line num="239" count="12" type="stmt"/>
            <line num="244" count="11" type="stmt"/>
            <line falsecount="11" truecount="0" num="244" type="cond"/>
            <line num="245" count="0" type="stmt"/>
            <line num="249" count="11" type="stmt"/>
            <line falsecount="11" truecount="0" num="249" type="cond"/>
            <line num="250" count="0" type="stmt"/>
            <line num="255" count="11" type="stmt"/>
            <line falsecount="11" truecount="0" num="255" type="cond"/>
            <line num="256" count="0" type="stmt"/>
            <line num="259" count="11" type="stmt"/>
            <line num="260" count="11" type="stmt"/>
            <line num="262" count="11" type="stmt"/>
            <line falsecount="9" truecount="2" num="262" type="cond"/>
            <line num="263" count="2" type="stmt"/>
            <line num="266" count="9" type="stmt"/>
            <line falsecount="0" truecount="9" num="266" type="cond"/>
            <line num="267" count="9" type="stmt"/>
            <line num="269" count="0" type="stmt"/>
            <line num="271" count="9" type="stmt"/>
            <line falsecount="0" truecount="9" num="271" type="cond"/>
            <line num="272" count="9" type="stmt"/>
            <line num="274" count="9" type="stmt"/>
            <line complexity="5" visibility="private" signature="getPropertyInModel(Property,Model,boolean) : Property" num="277" count="0" type="method"/>
            <line num="278" count="0" type="stmt"/>
            <line num="279" count="0" type="stmt"/>
            <line num="280" count="0" type="stmt"/>
            <line falsecount="0" truecount="0" num="280" type="cond"/>
            <line num="281" count="0" type="stmt"/>
            <line num="283" count="0" type="stmt"/>
            <line num="286" count="0" type="stmt"/>
            <line falsecount="0" truecount="0" num="286" type="cond"/>
            <line num="289" count="0" type="stmt"/>
            <line num="290" count="0" type="stmt"/>
            <line falsecount="0" truecount="0" num="290" type="cond"/>
            <line num="292" count="0" type="stmt"/>
            <line num="293" count="0" type="stmt"/>
            <line num="298" count="0" type="stmt"/>
            <line complexity="4" visibility="private" signature="getExecutionEnvironmentInModel(ExecutionEnvironment,Model) : ExecutionEnvironment" num="301" count="0" type="method"/>
            <line num="302" count="0" type="stmt"/>
            <line num="303" count="0" type="stmt"/>
            <line num="305" count="0" type="stmt"/>
            <line falsecount="0" truecount="0" num="305" type="cond"/>
            <line num="306" count="0" type="stmt"/>
            <line num="307" count="0" type="stmt"/>
            <line falsecount="0" truecount="0" num="307" type="cond"/>
            <line num="308" count="0" type="stmt"/>
            <line num="309" count="0" type="stmt"/>
            <line num="314" count="0" type="stmt"/>
            <line complexity="4" visibility="private" signature="getPrimitiveTypeInModel(PrimitiveType,Model) : Element" num="317" count="0" type="method"/>
            <line num="318" count="0" type="stmt"/>
            <line falsecount="0" truecount="0" num="318" type="cond"/>
            <line num="319" count="0" type="stmt"/>
            <line falsecount="0" truecount="0" num="319" type="cond"/>
            <line num="320" count="0" type="stmt"/>
            <line num="323" count="0" type="stmt"/>
            <line num="324" count="0" type="stmt"/>
            <line num="325" count="0" type="stmt"/>
            <line falsecount="0" truecount="0" num="325" type="cond"/>
            <line num="326" count="0" type="stmt"/>
            <line num="327" count="0" type="stmt"/>
            <line num="330" count="0" type="stmt"/>
            <line complexity="1" visibility="public" signature="slotsHasSameDefiningFeature(Slot,Slot) : boolean" num="333" count="0" type="method"/>
            <line num="334" count="0" type="stmt"/>
            <line complexity="9" visibility="public" signature="slotsHasSameValue(Slot,Slot) : boolean" num="337" count="0" type="method"/>
            <line num="338" count="0" type="stmt"/>
            <line num="339" count="0" type="stmt"/>
            <line num="340" count="0" type="stmt"/>
            <line falsecount="0" truecount="0" num="340" type="cond"/>
            <line num="341" count="0" type="stmt"/>
            <line num="342" count="0" type="stmt"/>
            <line falsecount="0" truecount="0" num="342" type="cond"/>
            <line num="343" count="0" type="stmt"/>
            <line num="344" count="0" type="stmt"/>
            <line falsecount="0" truecount="0" num="344" type="cond"/>
            <line num="345" count="0" type="stmt"/>
            <line num="346" count="0" type="stmt"/>
            <line falsecount="0" truecount="0" num="346" type="cond"/>
            <line num="347" count="0" type="stmt"/>
            <line num="349" count="0" type="stmt"/>
            <line complexity="1" visibility="public" signature="areSameElements(NamedElement,NamedElement) : boolean" num="353" count="0" type="method"/>
            <line num="354" count="0" type="stmt"/>
            <line num="355" count="0" type="stmt"/>
            <line num="356" count="0" type="stmt"/>
            <line num="357" count="0" type="stmt"/>
            <line complexity="2" visibility="public" signature="findElementByStereotype(Model,Stereotype) : Element" num="360" count="2" type="method"/>
            <line num="361" count="2" type="stmt"/>
            <line num="362" count="2" type="stmt"/>
            <line num="363" count="57" type="stmt"/>
            <line falsecount="55" truecount="2" num="363" type="cond"/>
            <line num="364" count="2" type="stmt"/>
            <line num="367" count="0" type="stmt"/>
            <line complexity="2" visibility="public" signature="setOutgoingEdges(ActivityImpl,List&lt;ActivityEdge&gt;,ActivityNode) : List&lt;ActivityEdge&gt;" num="370" count="0" type="method"/>
            <line num="371" count="0" type="stmt"/>
            <line num="372" count="0" type="stmt"/>
            <line falsecount="0" truecount="0" num="372" type="cond"/>
            <line num="373" count="0" type="stmt"/>
            <line num="375" count="0" type="stmt"/>
            <line num="376" count="0" type="stmt"/>
            <line num="377" count="0" type="stmt"/>
            <line num="379" count="0" type="stmt"/>
            <line complexity="2" visibility="public" signature="setIncomingEdges(List&lt;ActivityEdge&gt;,ActivityNode) : void" num="382" count="0" type="method"/>
            <line num="383" count="0" type="stmt"/>
            <line falsecount="0" truecount="0" num="383" type="cond"/>
            <line num="386" count="0" type="stmt"/>
            <line num="387" count="0" type="stmt"/>
            <line num="388" count="0" type="stmt"/>
            <line complexity="1" visibility="public" signature="elementHasRole(Element,Stereotype) : boolean" num="392" count="4" type="method"/>
            <line num="393" count="4" type="stmt"/>
            <line complexity="1" visibility="public" signature="elementMatchesInModel(Model,NamedElement) : boolean" num="396" count="1" type="method"/>
            <line num="397" count="1" type="stmt"/>
            <line complexity="1" visibility="public" signature="getPackageInModelMatchingElement(Model,PackageableElement) : Package" num="400" count="1" type="method"/>
            <line num="401" count="1" type="stmt"/>
            <line complexity="9" visibility="public" signature="createElement(T,NamedElement,HashMap&lt;Stereotype, List&lt;Element&gt;&gt;,Model) : T" num="404" count="6" type="method"/>
            <line num="407" count="6" type="stmt"/>
            <line falsecount="4" truecount="2" num="407" type="cond"/>
            <line num="408" count="2" type="stmt"/>
            <line num="409" count="2" type="stmt"/>
            <line num="410" count="2" type="stmt"/>
            <line num="411" count="4" type="stmt"/>
            <line falsecount="4" truecount="0" num="411" type="cond"/>
            <line num="412" count="0" type="stmt"/>
            <line num="413" count="0" type="stmt"/>
            <line num="414" count="0" type="stmt"/>
            <line num="415" count="4" type="stmt"/>
            <line falsecount="4" truecount="0" num="415" type="cond"/>
            <line num="416" count="0" type="stmt"/>
            <line num="417" count="0" type="stmt"/>
            <line num="418" count="0" type="stmt"/>
            <line num="419" count="4" type="stmt"/>
            <line falsecount="0" truecount="4" num="419" type="cond"/>
            <line num="420" count="4" type="stmt"/>
            <line num="421" count="4" type="stmt"/>
            <line num="422" count="4" type="stmt"/>
            <line num="423" count="0" type="stmt"/>
            <line falsecount="0" truecount="0" num="423" type="cond"/>
            <line num="424" count="0" type="stmt"/>
            <line num="425" count="0" type="stmt"/>
            <line num="426" count="0" type="stmt"/>
            <line num="427" count="0" type="stmt"/>
            <line falsecount="0" truecount="0" num="427" type="cond"/>
            <line num="428" count="0" type="stmt"/>
            <line num="429" count="0" type="stmt"/>
            <line num="430" count="0" type="stmt"/>
            <line num="431" count="0" type="stmt"/>
            <line falsecount="0" truecount="0" num="431" type="cond"/>
            <line num="432" count="0" type="stmt"/>
            <line num="433" count="0" type="stmt"/>
            <line num="434" count="0" type="stmt"/>
            <line num="436" count="0" type="stmt"/>
            <line falsecount="0" truecount="0" num="436" type="cond"/>
            <line num="437" count="0" type="stmt"/>
            <line num="438" count="0" type="stmt"/>
            <line num="439" count="0" type="stmt"/>
            <line num="442" count="0" type="stmt"/>
            <line num="443" count="0" type="stmt"/>
            <line complexity="5" visibility="private" signature="createManifestation(Manifestation,Package,HashMap&lt;Stereotype, List&lt;Element&gt;&gt;,Model) : Manifestation" num="447" count="0" type="method"/>
            <line num="449" count="0" type="stmt"/>
            <line num="450" count="0" type="stmt"/>
            <line num="453" count="0" type="stmt"/>
            <line num="454" count="0" type="stmt"/>
            <line num="455" count="0" type="stmt"/>
            <line falsecount="0" truecount="0" num="455" type="cond"/>
            <line num="456" count="0" type="stmt"/>
            <line num="457" count="0" type="stmt"/>
            <line falsecount="0" truecount="0" num="457" type="cond"/>
            <line num="458" count="0" type="stmt"/>
            <line num="461" count="0" type="stmt"/>
            <line num="465" count="0" type="stmt"/>
            <line num="466" count="0" type="stmt"/>
            <line num="467" count="0" type="stmt"/>
            <line falsecount="0" truecount="0" num="467" type="cond"/>
            <line num="468" count="0" type="stmt"/>
            <line num="469" count="0" type="stmt"/>
            <line falsecount="0" truecount="0" num="469" type="cond"/>
            <line num="470" count="0" type="stmt"/>
            <line num="473" count="0" type="stmt"/>
            <line num="474" count="0" type="stmt"/>
            <line num="477" count="0" type="stmt"/>
            <line num="479" count="0" type="stmt"/>
            <line complexity="1" visibility="private" signature="createInstanceSpecification(InstanceSpecification,Package,HashMap&lt;Stereotype, List&lt;Element&gt;&gt;,Model) : InstanceSpecification" num="482" count="0" type="method"/>
            <line num="484" count="0" type="stmt"/>
            <line num="485" count="0" type="stmt"/>
            <line num="486" count="0" type="stmt"/>
            <line num="489" count="0" type="stmt"/>
            <line num="490" count="0" type="stmt"/>
            <line num="491" count="0" type="stmt"/>
            <line num="495" count="0" type="stmt"/>
            <line num="496" count="0" type="stmt"/>
            <line num="499" count="0" type="stmt"/>
            <line num="500" count="0" type="stmt"/>
            <line complexity="3" visibility="private" signature="createSlot(Slot,InstanceSpecification,HashMap&lt;Stereotype, List&lt;Element&gt;&gt;,Model) : Slot" num="503" count="0" type="method"/>
            <line num="506" count="0" type="stmt"/>
            <line num="507" count="0" type="stmt"/>
            <line num="509" count="0" type="stmt"/>
            <line num="511" count="0" type="stmt"/>
            <line falsecount="0" truecount="0" num="511" type="cond"/>
            <line num="512" count="0" type="stmt"/>
            <line num="513" count="0" type="stmt"/>
            <line falsecount="0" truecount="0" num="513" type="cond"/>
            <line num="514" count="0" type="stmt"/>
            <line num="518" count="0" type="stmt"/>
            <line num="519" count="0" type="stmt"/>
            <line num="521" count="0" type="stmt"/>
            <line num="522" count="0" type="stmt"/>
            <line complexity="7" visibility="private" signature="createValue(Slot,ValueSpecification,HashMap&lt;Stereotype, List&lt;Element&gt;&gt;,Model) : void" num="525" count="0" type="method"/>
            <line num="526" count="0" type="stmt"/>
            <line num="527" count="0" type="stmt"/>
            <line falsecount="0" truecount="0" num="527" type="cond"/>
            <line num="528" count="0" type="stmt"/>
            <line num="530" count="0" type="stmt"/>
            <line falsecount="0" truecount="0" num="530" type="cond"/>
            <line num="531" count="0" type="stmt"/>
            <line num="532" count="0" type="stmt"/>
            <line falsecount="0" truecount="0" num="532" type="cond"/>
            <line num="533" count="0" type="stmt"/>
            <line num="536" count="0" type="stmt"/>
            <line num="537" count="0" type="stmt"/>
            <line falsecount="0" truecount="0" num="537" type="cond"/>
            <line num="538" count="0" type="stmt"/>
            <line num="539" count="0" type="stmt"/>
            <line falsecount="0" truecount="0" num="539" type="cond"/>
            <line num="540" count="0" type="stmt"/>
            <line num="541" count="0" type="stmt"/>
            <line falsecount="0" truecount="0" num="541" type="cond"/>
            <line num="542" count="0" type="stmt"/>
            <line complexity="2" visibility="private" signature="createPackage(Package,Model,HashMap&lt;Stereotype, List&lt;Element&gt;&gt;,Model) : Package" num="548" count="0" type="method"/>
            <line num="550" count="0" type="stmt"/>
            <line num="551" count="0" type="stmt"/>
            <line num="552" count="0" type="stmt"/>
            <line num="553" count="0" type="stmt"/>
            <line falsecount="0" truecount="0" num="553" type="cond"/>
            <line num="554" count="0" type="stmt"/>
            <line num="556" count="0" type="stmt"/>
            <line num="558" count="0" type="stmt"/>
            <line complexity="2" visibility="private" signature="createProperty(Property,Classifier,HashMap&lt;Stereotype, List&lt;Element&gt;&gt;,Model) : Property" num="561" count="6" type="method"/>
            <line num="569" count="6" type="stmt"/>
            <line num="572" count="6" type="stmt"/>
            <line num="573" count="6" type="stmt"/>
            <line num="574" count="6" type="stmt"/>
            <line falsecount="3" truecount="3" num="574" type="cond"/>
            <line num="575" count="3" type="stmt"/>
            <line num="576" count="3" type="stmt"/>
            <line num="579" count="3" type="stmt"/>
            <line num="580" count="3" type="stmt"/>
            <line num="582" count="6" type="stmt"/>
            <line complexity="2" visibility="private" signature="createOperation(Operation,Class,HashMap&lt;Stereotype, List&lt;Element&gt;&gt;,Model) : Operation" num="585" count="7" type="method"/>
            <line num="590" count="7" type="stmt"/>
            <line num="591" count="7" type="stmt"/>
            <line num="592" count="7" type="stmt"/>
            <line num="593" count="10" type="stmt"/>
            <line num="596" count="10" type="stmt"/>
            <line num="598" count="7" type="stmt"/>
            <line num="599" count="7" type="stmt"/>
            <line falsecount="7" truecount="0" num="599" type="cond"/>
            <line num="600" count="0" type="stmt"/>
            <line num="602" count="7" type="stmt"/>
            <line complexity="1" visibility="private" signature="createAssociation(Association,Classifier,HashMap&lt;Stereotype, List&lt;Element&gt;&gt;,Model) : Association" num="605" count="3" type="method"/>
            <line num="607" count="3" type="stmt"/>
            <line num="615" count="3" type="stmt"/>
            <line complexity="1" visibility="private" signature="createClass(Class,Package,HashMap&lt;Stereotype, List&lt;Element&gt;&gt;,Model) : Class" num="618" count="2" type="method"/>
            <line num="620" count="2" type="stmt"/>
            <line num="623" count="2" type="stmt"/>
            <line num="624" count="2" type="stmt"/>
            <line num="627" count="2" type="stmt"/>
            <line num="628" count="7" type="stmt"/>
            <line num="631" count="2" type="stmt"/>
            <line complexity="5" visibility="public" signature="resolveElementInModel(Element,PackageableElement,HashMap&lt;Stereotype, List&lt;Element&gt;&gt;) : Element" num="634" count="21" type="method"/>
            <line num="639" count="21" type="stmt"/>
            <line num="640" count="21" type="stmt"/>
            <line falsecount="18" truecount="3" num="640" type="cond"/>
            <line num="646" count="3" type="stmt"/>
            <line num="647" count="5" type="stmt"/>
            <line falsecount="3" truecount="2" num="647" type="cond"/>
            <line num="649" count="2" type="stmt"/>
            <line num="650" count="2" type="stmt"/>
            <line num="654" count="21" type="stmt"/>
            <line falsecount="20" truecount="1" num="654" type="cond"/>
            <line num="657" count="1" type="stmt"/>
            <line num="658" count="1" type="stmt"/>
            <line falsecount="1" truecount="0" num="658" type="cond"/>
            <line num="659" count="0" type="stmt"/>
            <line num="663" count="1" type="stmt"/>
            <line num="666" count="21" type="stmt"/>
            <line complexity="2" visibility="public" signature="resolvePropertyInClass(Property,Class,HashMap&lt;Stereotype, List&lt;Element&gt;&gt;) : Property" num="669" count="0" type="method"/>
            <line num="671" count="0" type="stmt"/>
            <line num="672" count="0" type="stmt"/>
            <line num="673" count="0" type="stmt"/>
            <line falsecount="0" truecount="0" num="673" type="cond"/>
            <line num="674" count="0" type="stmt"/>
            <line num="675" count="0" type="stmt"/>
            <line num="678" count="0" type="stmt"/>
            <line complexity="3" visibility="private" signature="propertyMatchAnotherInModel(Property,Property,Model,HashMap&lt;Stereotype, List&lt;Element&gt;&gt;) : boolean" num="681" count="0" type="method"/>
            <line num="683" count="0" type="stmt"/>
            <line num="684" count="0" type="stmt"/>
            <line falsecount="0" truecount="0" num="684" type="cond"/>
            <line num="686" count="0" type="stmt"/>
            <line num="688" count="0" type="stmt"/>
            <line complexity="2" visibility="public" signature="resolveOperationInClass(Operation,Class,HashMap&lt;Stereotype, List&lt;Element&gt;&gt;) : Operation" num="691" count="0" type="method"/>
            <line num="693" count="0" type="stmt"/>
            <line num="694" count="0" type="stmt"/>
            <line num="695" count="0" type="stmt"/>
            <line falsecount="0" truecount="0" num="695" type="cond"/>
            <line num="696" count="0" type="stmt"/>
            <line num="697" count="0" type="stmt"/>
            <line num="700" count="0" type="stmt"/>
            <line complexity="4" visibility="private" signature="operationMatchAnotherInModel(Operation,Operation,Model,HashMap&lt;Stereotype, List&lt;Element&gt;&gt;) : boolean" num="703" count="0" type="method"/>
            <line num="705" count="0" type="stmt"/>
            <line num="707" count="0" type="stmt"/>
            <line falsecount="0" truecount="0" num="707" type="cond"/>
            <line num="709" count="0" type="stmt"/>
            <line falsecount="0" truecount="0" num="709" type="cond"/>
            <line num="711" count="0" type="stmt"/>
            <line num="713" count="0" type="stmt"/>
            <line num="714" count="0" type="stmt"/>
            <line falsecount="0" truecount="0" num="714" type="cond"/>
            <line num="715" count="0" type="stmt"/>
            <line num="716" count="0" type="stmt"/>
            <line num="721" count="0" type="stmt"/>
            <line complexity="3" visibility="private" signature="parameterMatchAnotherInOperationInModel(Parameter,Operation,Model,HashMap&lt;Stereotype, List&lt;Element&gt;&gt;) : boolean" num="724" count="0" type="method"/>
            <line num="726" count="0" type="stmt"/>
            <line num="727" count="0" type="stmt"/>
            <line num="728" count="0" type="stmt"/>
            <line falsecount="0" truecount="0" num="728" type="cond"/>
            <line num="730" count="0" type="stmt"/>
            <line num="731" count="0" type="stmt"/>
            <line num="734" count="0" type="stmt"/>
            <line complexity="3" visibility="private" signature="operationReturnTypeMatchAnotherInModel(Parameter,Parameter,Model,HashMap&lt;Stereotype, List&lt;Element&gt;&gt;) : boolean" num="737" count="0" type="method"/>
            <line num="739" count="0" type="stmt"/>
            <line falsecount="0" truecount="0" num="739" type="cond"/>
            <line num="740" count="0" type="stmt"/>
            <line num="742" count="0" type="stmt"/>
            <line complexity="3" visibility="private" signature="parameterTypeMatchAnotherInModel(Parameter,Parameter,Model,HashMap&lt;Stereotype, List&lt;Element&gt;&gt;) : boolean" num="746" count="0" type="method"/>
            <line num="748" count="0" type="stmt"/>
            <line num="751" count="0" type="stmt"/>
            <line falsecount="0" truecount="0" num="751" type="cond"/>
            <line num="752" count="0" type="stmt"/>
            <line num="756" count="0" type="stmt"/>
            <line complexity="2" visibility="public" signature="elementMatchesInList(T,EList&lt;T&gt;) : boolean" num="768" count="4" type="method"/>
            <line num="769" count="4" type="stmt"/>
            <line num="770" count="4" type="stmt"/>
            <line num="771" count="14" type="stmt"/>
            <line falsecount="14" truecount="0" num="771" type="cond"/>
            <line num="772" count="0" type="stmt"/>
            <line num="773" count="0" type="stmt"/>
            <line num="776" count="4" type="stmt"/>
            <line complexity="3" visibility="public" signature="findSubclassesOfType(Class,Model) : Set&lt;Classifier&gt;" num="779" count="0" type="method"/>
            <line num="781" count="0" type="stmt"/>
            <line num="782" count="0" type="stmt"/>
            <line num="783" count="0" type="stmt"/>
            <line num="784" count="0" type="stmt"/>
            <line num="785" count="0" type="stmt"/>
            <line num="786" count="0" type="stmt"/>
            <line num="788" count="0" type="stmt"/>
            <line num="790" count="0" type="stmt"/>
            <line num="791" count="0" type="stmt"/>
            <line falsecount="0" truecount="0" num="791" type="cond"/>
            <line num="792" count="0" type="stmt"/>
            <line num="796" count="0" type="stmt"/>
            <line num="798" count="0" type="stmt"/>
            <line complexity="3" visibility="public" signature="elementIsReferencedInModel(Class,Model) : boolean" num="801" count="0" type="method"/>
            <line num="803" count="0" type="stmt"/>
            <line num="804" count="0" type="stmt"/>
            <line num="805" count="0" type="stmt"/>
            <line num="806" count="0" type="stmt"/>
            <line num="807" count="0" type="stmt"/>
            <line num="808" count="0" type="stmt"/>
            <line num="810" count="0" type="stmt"/>
            <line num="812" count="0" type="stmt"/>
            <line num="813" count="0" type="stmt"/>
            <line falsecount="0" truecount="0" num="813" type="cond"/>
            <line num="814" count="0" type="stmt"/>
            <line num="818" count="0" type="stmt"/>
            <line num="820" count="0" type="stmt"/>
            <line complexity="2" visibility="public" signature="getAssociationsOfClass(Class) : List&lt;Association&gt;" num="845" count="0" type="method"/>
            <line num="846" count="0" type="stmt"/>
            <line num="847" count="0" type="stmt"/>
            <line num="848" count="0" type="stmt"/>
            <line falsecount="0" truecount="0" num="848" type="cond"/>
            <line num="849" count="0" type="stmt"/>
            <line num="852" count="0" type="stmt"/>
         </file>
      </package>
      <package name="eu.supersede.dynadapt.modeladapter.queries">
         <metrics coveredelements="0" complexity="577" loc="4175" methods="368" classes="33" statements="889" coveredconditionals="0" coveredmethods="0" elements="1611" ncloc="2170" files="17" conditionals="354" coveredstatements="0"/>
         <file path="/home/yosu/Projects/STAMP/Git/Supersede/dyn_adapt/Enactment/components/adapter/model/eu.supersede.dynadapt.modeladapter-stamp/src/main/java/eu/supersede/dynadapt/modeladapter/queries/GetManifestationsMatch.java" name="GetManifestationsMatch.java">
            <metrics coveredelements="0" coveredconditionals="0" complexity="53" loc="236" coveredmethods="0" methods="24" elements="167" classes="3" ncloc="161" statements="87" conditionals="56" coveredstatements="0"/>
            <class name="GetManifestationsMatch">
               <metrics coveredelements="0" coveredconditionals="0" complexity="49" coveredmethods="0" methods="20" elements="159" statements="83" conditionals="56" coveredstatements="0"/>
            </class>
            <class name="GetManifestationsMatch.Mutable">
               <metrics coveredelements="0" coveredconditionals="0" complexity="2" coveredmethods="0" methods="2" elements="4" statements="2" conditionals="0" coveredstatements="0"/>
            </class>
            <class name="GetManifestationsMatch.Immutable">
               <metrics coveredelements="0" coveredconditionals="0" complexity="2" coveredmethods="0" methods="2" elements="4" statements="2" conditionals="0" coveredstatements="0"/>
            </class>
            <line complexity="1" visibility="private" signature="GetManifestationsMatch(Manifestation,ExecutionEnvironment,InstanceSpecification)" num="39" count="0" type="method"/>
            <line num="40" count="0" type="stmt"/>
            <line num="41" count="0" type="stmt"/>
            <line num="42" count="0" type="stmt"/>
            <line complexity="4" visibility="public" signature="get(String) : Object" num="45" count="0" type="method"/>
            <line num="47" count="0" type="stmt"/>
            <line num="47" count="0" type="stmt"/>
            <line falsecount="0" truecount="0" num="47" type="cond"/>
            <line num="48" count="0" type="stmt"/>
            <line num="48" count="0" type="stmt"/>
            <line falsecount="0" truecount="0" num="48" type="cond"/>
            <line num="49" count="0" type="stmt"/>
            <line num="49" count="0" type="stmt"/>
            <line falsecount="0" truecount="0" num="49" type="cond"/>
            <line num="50" count="0" type="stmt"/>
            <line complexity="1" visibility="public" signature="getManifestation() : Manifestation" num="53" count="0" type="method"/>
            <line num="54" count="0" type="stmt"/>
            <line complexity="1" visibility="public" signature="getClient() : ExecutionEnvironment" num="57" count="0" type="method"/>
            <line num="58" count="0" type="stmt"/>
            <line complexity="1" visibility="public" signature="getSupplier() : InstanceSpecification" num="61" count="0" type="method"/>
            <line num="62" count="0" type="stmt"/>
            <line complexity="5" visibility="public" signature="set(String,Object) : boolean" num="65" count="0" type="method"/>
            <line num="67" count="0" type="stmt"/>
            <line num="67" count="0" type="stmt"/>
            <line falsecount="0" truecount="0" num="67" type="cond"/>
            <line num="68" count="0" type="stmt"/>
            <line falsecount="0" truecount="0" num="68" type="cond"/>
            <line num="69" count="0" type="stmt"/>
            <line num="70" count="0" type="stmt"/>
            <line num="72" count="0" type="stmt"/>
            <line falsecount="0" truecount="0" num="72" type="cond"/>
            <line num="73" count="0" type="stmt"/>
            <line num="74" count="0" type="stmt"/>
            <line num="76" count="0" type="stmt"/>
            <line falsecount="0" truecount="0" num="76" type="cond"/>
            <line num="77" count="0" type="stmt"/>
            <line num="78" count="0" type="stmt"/>
            <line num="80" count="0" type="stmt"/>
            <line complexity="2" visibility="public" signature="setManifestation(Manifestation) : void" num="83" count="0" type="method"/>
            <line num="84" count="0" type="stmt"/>
            <line num="84" count="0" type="stmt"/>
            <line falsecount="0" truecount="0" num="84" type="cond"/>
            <line num="85" count="0" type="stmt"/>
            <line complexity="2" visibility="public" signature="setClient(ExecutionEnvironment) : void" num="88" count="0" type="method"/>
            <line num="89" count="0" type="stmt"/>
            <line num="89" count="0" type="stmt"/>
            <line falsecount="0" truecount="0" num="89" type="cond"/>
            <line num="90" count="0" type="stmt"/>
            <line complexity="2" visibility="public" signature="setSupplier(InstanceSpecification) : void" num="93" count="0" type="method"/>
            <line num="94" count="0" type="stmt"/>
            <line num="94" count="0" type="stmt"/>
            <line falsecount="0" truecount="0" num="94" type="cond"/>
            <line num="95" count="0" type="stmt"/>
            <line complexity="1" visibility="public" signature="patternName() : String" num="98" count="0" type="method"/>
            <line num="100" count="0" type="stmt"/>
            <line complexity="1" visibility="public" signature="parameterNames() : List&lt;String&gt;" num="103" count="0" type="method"/>
            <line num="105" count="0" type="stmt"/>
            <line complexity="1" visibility="public" signature="toArray() : Object[]" num="108" count="0" type="method"/>
            <line num="110" count="0" type="stmt"/>
            <line complexity="2" visibility="public" signature="toImmutable() : GetManifestationsMatch" num="113" count="0" type="method"/>
            <line num="115" count="0" type="stmt"/>
            <line falsecount="0" truecount="0" num="115" type="cond"/>
            <line complexity="1" visibility="public" signature="prettyPrint() : String" num="118" count="0" type="method"/>
            <line num="120" count="0" type="stmt"/>
            <line num="121" count="0" type="stmt"/>
            <line num="123" count="0" type="stmt"/>
            <line num="125" count="0" type="stmt"/>
            <line num="127" count="0" type="stmt"/>
            <line complexity="4" visibility="public" signature="hashCode() : int" num="130" count="0" type="method"/>
            <line num="132" count="0" type="stmt"/>
            <line num="133" count="0" type="stmt"/>
            <line num="134" count="0" type="stmt"/>
[...]
            <class name="SubClassOfProcessor">
               <metrics coveredelements="0" coveredconditionals="0" complexity="1" coveredmethods="0" methods="1" elements="2" statements="1" conditionals="0" coveredstatements="0"/>
            </class>
            <line complexity="1" visibility="public" signature="process(SubClassOfMatch) : void" num="26" count="0" type="method"/>
            <line num="28" count="0" type="stmt"/>
         </file>
         <file path="/home/yosu/Projects/STAMP/Git/Supersede/dyn_adapt/Enactment/components/adapter/model/eu.supersede.dynadapt.modeladapter-stamp/src/main/java/eu/supersede/dynadapt/modeladapter/queries/util/SubClassOfQuerySpecification.java" name="SubClassOfQuerySpecification.java">
            <metrics coveredelements="0" coveredconditionals="0" complexity="13" loc="165" coveredmethods="0" methods="11" elements="49" classes="3" ncloc="114" statements="38" conditionals="0" coveredstatements="0"/>
            <class name="SubClassOfQuerySpecification">
               <metrics coveredelements="0" coveredconditionals="0" complexity="7" coveredmethods="0" methods="6" elements="14" statements="8" conditionals="0" coveredstatements="0"/>
            </class>
            <class name="SubClassOfQuerySpecification.LazyHolder">
               <metrics coveredelements="0" coveredconditionals="0" complexity="1" coveredmethods="0" methods="1" elements="3" statements="2" conditionals="0" coveredstatements="0"/>
            </class>
            <class name="SubClassOfQuerySpecification.GeneratedPQuery">
               <metrics coveredelements="0" coveredconditionals="0" complexity="5" coveredmethods="0" methods="4" elements="32" statements="28" conditionals="0" coveredstatements="0"/>
            </class>
            <line complexity="1" visibility="private" signature="SubClassOfQuerySpecification()" num="40" count="0" type="method"/>
            <line num="41" count="0" type="stmt"/>
            <line complexity="2" visibility="public" signature="instance() : SubClassOfQuerySpecification" num="49" count="0" type="method"/>
            <line num="50" count="0" type="stmt"/>
            <line num="51" count="0" type="stmt"/>
            <line num="53" count="0" type="stmt"/>
            <line complexity="1" visibility="protected" signature="instantiate(ViatraQueryEngine) : SubClassOfMatcher" num="57" count="0" type="method"/>
            <line num="59" count="0" type="stmt"/>
            <line complexity="1" visibility="public" signature="instantiate() : SubClassOfMatcher" num="62" count="0" type="method"/>
            <line num="64" count="0" type="stmt"/>
            <line complexity="1" visibility="public" signature="newEmptyMatch() : SubClassOfMatch" num="67" count="0" type="method"/>
            <line num="69" count="0" type="stmt"/>
            <line complexity="1" visibility="public" signature="newMatch(Object) : SubClassOfMatch" num="72" count="0" type="method"/>
            <line num="74" count="0" type="stmt"/>
            <line complexity="1" visibility="public" signature="ensureInitialized() : Object" num="97" count="0" type="method"/>
            <line num="98" count="0" type="stmt"/>
            <line num="99" count="0" type="stmt"/>
            <line complexity="1" visibility="public" signature="getFullyQualifiedName() : String" num="112" count="0" type="method"/>
            <line num="114" count="0" type="stmt"/>
            <line complexity="1" visibility="public" signature="getParameterNames() : List&lt;String&gt;" num="117" count="0" type="method"/>
            <line num="119" count="0" type="stmt"/>
            <line complexity="1" visibility="public" signature="getParameters() : List&lt;PParameter&gt;" num="122" count="0" type="method"/>
            <line num="124" count="0" type="stmt"/>
            <line complexity="2" visibility="public" signature="doGetContainedBodies() : Set&lt;PBody&gt;" num="127" count="0" type="method"/>
            <line num="129" count="0" type="stmt"/>
            <line num="130" count="0" type="stmt"/>
            <line num="131" count="0" type="stmt"/>
            <line num="133" count="0" type="stmt"/>
            <line num="134" count="0" type="stmt"/>
            <line num="135" count="0" type="stmt"/>
            <line num="136" count="0" type="stmt"/>
            <line num="137" count="0" type="stmt"/>
            <line num="138" count="0" type="stmt"/>
            <line num="139" count="0" type="stmt"/>
            <line num="144" count="0" type="stmt"/>
            <line num="145" count="0" type="stmt"/>
            <line num="146" count="0" type="stmt"/>
            <line num="147" count="0" type="stmt"/>
            <line num="148" count="0" type="stmt"/>
            <line num="150" count="0" type="stmt"/>
            <line num="151" count="0" type="stmt"/>
            <line num="152" count="0" type="stmt"/>
            <line num="153" count="0" type="stmt"/>
            <line num="154" count="0" type="stmt"/>
            <line num="155" count="0" type="stmt"/>
            <line num="158" count="0" type="stmt"/>
            <line num="158" count="0" type="stmt"/>
            <line num="160" count="0" type="stmt"/>
            <line num="162" count="0" type="stmt"/>
         </file>
      </package>
   </project>
   <testproject name="modeladapter-stamp 1.0.0-SNAPSHOT" timestamp="1539002576857">
      <metrics coveredelements="51" complexity="41" loc="588" methods="25" classes="3" statements="142" packages="1" coveredconditionals="4" coveredmethods="6" elements="185" ncloc="364" files="3" conditionals="18" coveredstatements="41"/>
      <package name="eu.supersede.dynadapt.modeladapter.test">
         <metrics coveredelements="51" complexity="41" loc="588" methods="25" classes="3" statements="142" coveredconditionals="4" coveredmethods="6" elements="185" ncloc="364" files="3" conditionals="18" coveredstatements="41"/>
         <file path="/home/yosu/Projects/STAMP/Git/Supersede/dyn_adapt/Enactment/components/adapter/model/eu.supersede.dynadapt.modeladapter-stamp/src/test/java/eu/supersede/dynadapt/modeladapter/test/ModelAdapterOutdatedTest.java" name="ModelAdapterOutdatedTest.java">
            <metrics coveredelements="0" coveredconditionals="0" complexity="14" loc="245" coveredmethods="0" methods="8" elements="55" classes="1" ncloc="126" statements="43" conditionals="4" coveredstatements="0"/>
            <class name="ModelAdapterOutdatedTest">
               <metrics coveredelements="0" coveredconditionals="0" complexity="14" coveredmethods="0" methods="8" elements="55" statements="43" conditionals="4" coveredstatements="0"/>
            </class>
            <line complexity="1" visibility="public" signature="setUp() : void" num="86" count="0" type="method"/>
            <line num="88" count="0" type="stmt"/>
            <line num="89" count="0" type="stmt"/>
            <line num="90" count="0" type="stmt"/>
            <line num="92" count="0" type="stmt"/>
            <line num="93" count="0" type="stmt"/>
            <line num="94" count="0" type="stmt"/>
            <line num="95" count="0" type="stmt"/>
            <line num="96" count="0" type="stmt"/>
            <line num="98" count="0" type="stmt"/>
            <line num="99" count="0" type="stmt"/>
            <line complexity="1" visibility="public" signature="cleanUp() : void" num="102" count="0" type="method"/>
            <line complexity="1" visibility="public" signature="test() : void" num="107" count="0" type="method"/>
            <line num="115" count="0" type="stmt"/>
            <line complexity="2" visibility="private" signature="applyModifyValueComposition() : void" num="182" count="0" type="method"/>
            <line num="185" count="0" type="stmt"/>
            <line num="186" count="0" type="stmt"/>
            <line num="187" count="0" type="stmt"/>
            <line num="189" count="0" type="stmt"/>
            <line num="190" count="0" type="stmt"/>
            <line num="191" count="0" type="stmt"/>
            <line num="192" count="0" type="stmt"/>
            <line num="193" count="0" type="stmt"/>
            <line num="195" count="0" type="stmt"/>
            <line complexity="2" visibility="private" signature="applyAddClassComposition() : void" num="200" count="0" type="method"/>
            <line num="201" count="0" type="stmt"/>
            <line num="202" count="0" type="stmt"/>
            <line num="203" count="0" type="stmt"/>
            <line num="204" count="0" type="stmt"/>
            <line num="205" count="0" type="stmt"/>
            <line num="206" count="0" type="stmt"/>
            <line num="208" count="0" type="stmt"/>
            <line complexity="1" visibility="private" signature="find(String,Model) : Element" num="213" count="0" type="method"/>
            <line num="214" count="0" type="stmt"/>
            <line complexity="4" visibility="private" signature="find(String,Element) : Element" num="217" count="0" type="method"/>
            <line num="218" count="0" type="stmt"/>
            <line num="219" count="0" type="stmt"/>
            <line num="220" count="0" type="stmt"/>
            <line falsecount="0" truecount="0" num="220" type="cond"/>
            <line num="221" count="0" type="stmt"/>
            <line num="222" count="0" type="stmt"/>
            <line falsecount="0" truecount="0" num="222" type="cond"/>
            <line num="223" count="0" type="stmt"/>
            <line num="224" count="0" type="stmt"/>
            <line num="226" count="0" type="stmt"/>
            <line num="230" count="0" type="stmt"/>
            <line complexity="2" visibility="protected" signature="save(Model,URI) : void" num="233" count="0" type="method"/>
            <line num="235" count="0" type="stmt"/>
            <line num="236" count="0" type="stmt"/>
            <line num="237" count="0" type="stmt"/>
            <line num="238" count="0" type="stmt"/>
            <line num="239" count="0" type="stmt"/>
            <line num="240" count="0" type="stmt"/>
         </file>
         <file path="/home/yosu/Projects/STAMP/Git/Supersede/dyn_adapt/Enactment/components/adapter/model/eu.supersede.dynadapt.modeladapter-stamp/src/test/java/eu/supersede/dynadapt/modeladapter/test/ModelAdapterQueryTest.java" name="ModelAdapterQueryTest.java">
            <metrics coveredelements="0" coveredconditionals="0" complexity="8" loc="111" coveredmethods="0" methods="5" elements="27" classes="1" ncloc="62" statements="18" conditionals="4" coveredstatements="0"/>
            <class name="ModelAdapterQueryTest">
               <metrics coveredelements="0" coveredconditionals="0" complexity="8" coveredmethods="0" methods="5" elements="27" statements="18" conditionals="4" coveredstatements="0"/>
            </class>
            <line complexity="1" visibility="public" signature="setUp() : void" num="59" count="0" type="method"/>
            <line num="61" count="0" type="stmt"/>
            <line num="62" count="0" type="stmt"/>
            <line num="63" count="0" type="stmt"/>
            <line num="65" count="0" type="stmt"/>
            <line num="66" count="0" type="stmt"/>
            <line num="67" count="0" type="stmt"/>
            <line complexity="1" visibility="public" signature="cleanUp() : void" num="70" count="0" type="method"/>
            <line complexity="1" visibility="public" signature="testFindSubclassesOfType() : void" num="75" count="0" type="method"/>
            <line num="77" count="0" type="stmt"/>
            <line num="78" count="0" type="stmt"/>
            <line num="79" count="0" type="stmt"/>
            <line complexity="2" visibility="public" signature="testElementIsReferencedInModel() : void" num="83" count="0" type="method"/>
            <line num="85" count="0" type="stmt"/>
            <line num="86" count="0" type="stmt"/>
            <line num="87" count="0" type="stmt"/>
            <line falsecount="0" truecount="0" num="87" type="cond"/>
            <line complexity="3" visibility="private" signature="getElementByNameInModel(String,Model) : PackageableElement" num="99" count="0" type="method"/>
            <line num="100" count="0" type="stmt"/>
            <line num="101" count="0" type="stmt"/>
            <line num="102" count="0" type="stmt"/>
            <line falsecount="0" truecount="0" num="102" type="cond"/>
            <line num="103" count="0" type="stmt"/>
            <line num="104" count="0" type="stmt"/>
            <line num="107" count="0" type="stmt"/>
         </file>
         <file path="/home/yosu/Projects/STAMP/Git/Supersede/dyn_adapt/Enactment/components/adapter/model/eu.supersede.dynadapt.modeladapter-stamp/src/test/java/eu/supersede/dynadapt/modeladapter/test/ModelAdapterTest.java" name="ModelAdapterTest.java">
            <metrics coveredelements="51" coveredconditionals="4" complexity="19" loc="232" coveredmethods="6" methods="12" elements="103" classes="1" ncloc="176" statements="81" conditionals="10" coveredstatements="41"/>
            <class name="ModelAdapterTest">
               <metrics coveredelements="51" complexity="19" methods="12" testruns="1" statements="81" coveredconditionals="4" coveredmethods="6" elements="103" testfailures="0" testduration="14.78" conditionals="10" coveredstatements="41" testpasses="1"/>
            </class>
            <line complexity="3" visibility="public" signature="testModelAdapter_applyUpdateComposition_method() : void" num="60" testsuccess="true" count="1" testduration="14.78" type="method"/>
            <line num="62" count="1" type="stmt"/>
            <line num="63" count="1" type="stmt"/>
            <line num="64" count="1" type="stmt"/>
            <line num="66" count="1" type="stmt"/>
            <line num="67" count="1" type="stmt"/>
            <line num="70" count="1" type="stmt"/>
            <line num="71" count="1" type="stmt"/>
            <line num="74" count="1" type="stmt"/>
            <line num="77" count="1" type="stmt"/>
            <line num="78" count="1" type="stmt"/>
            <line complexity="1" visibility="package" signature="&lt;init&gt;, line 79()" num="79" count="1" type="method"/>
            <line num="79" count="1" type="stmt"/>
            <line num="80" count="1" type="stmt"/>
            <line num="82" count="1" type="stmt"/>
            <line complexity="1" visibility="package" signature="&lt;init&gt;, line 84()" num="84" count="1" type="method"/>
            <line num="84" count="1" type="stmt"/>
            <line num="85" count="1" type="stmt"/>
            <line num="87" count="1" type="stmt"/>
            <line num="90" count="1" type="stmt"/>
            <line num="91" count="4" type="stmt"/>
            <line falsecount="2" truecount="2" num="91" type="cond"/>
            <line num="92" count="2" type="stmt"/>
            <line num="96" count="1" type="stmt"/>
            <line num="97" count="1" type="stmt"/>
            <line num="100" count="0" type="stmt"/>
            <line num="101" count="0" type="stmt"/>
            <line complexity="2" visibility="private" signature="getPointCutByName(List&lt;Pointcut&gt;,String) : Stereotype" num="105" count="2" type="method"/>
            <line num="106" count="2" type="stmt"/>
            <line num="107" count="3" type="stmt"/>
            <line falsecount="1" truecount="2" num="107" type="cond"/>
            <line num="108" count="2" type="stmt"/>
            <line num="110" count="0" type="stmt"/>
            <line complexity="1" visibility="public" signature="setUp() : void" num="113" count="1" type="method"/>
            <line num="115" count="1" type="stmt"/>
            <line num="116" count="1" type="stmt"/>
            <line num="117" count="1" type="stmt"/>
            <line num="118" count="1" type="stmt"/>
            <line complexity="1" visibility="private" signature="setupPlatform() : void" num="121" count="1" type="method"/>
            <line num="122" count="1" type="stmt"/>
            <line num="123" count="1" type="stmt"/>
            <line num="124" count="1" type="stmt"/>
            <line num="126" count="1" type="stmt"/>
            <line num="127" count="1" type="stmt"/>
            <line num="128" count="1" type="stmt"/>
            <line num="129" count="1" type="stmt"/>
            <line num="130" count="1" type="stmt"/>
            <line num="131" count="1" type="stmt"/>
            <line num="132" count="1" type="stmt"/>
            <line num="133" count="1" type="stmt"/>
            <line num="134" count="1" type="stmt"/>
            <line num="135" count="1" type="stmt"/>
            <line complexity="1" visibility="private" signature="diffFeatureConfigurations(FeatureConfiguration,FeatureConfiguration) : List&lt;Selection&gt;" num="138" count="0" type="method"/>
            <line num="139" count="0" type="stmt"/>
            <line num="140" count="0" type="stmt"/>
            <line num="142" count="0" type="stmt"/>
            <line complexity="1" visibility="private" signature="diffFeatureConfigurationsInFeature(Feature,FeatureConfiguration,FeatureConfiguration) : List&lt;Selection&gt;" num="145" count="0" type="method"/>
            <line num="147" count="0" type="stmt"/>
            <line num="149" count="0" type="stmt"/>
            <line num="150" count="0" type="stmt"/>
            <line num="153" count="0" type="stmt"/>
            <line num="154" count="0" type="stmt"/>
            <line num="155" count="0" type="stmt"/>
            <line num="158" count="0" type="stmt"/>
            <line complexity="3" visibility="private" signature="diffFeatureConfigurationsInFeature(String,FeatureConfiguration,FeatureConfiguration) : List&lt;Selection&gt;" num="161" count="0" type="method"/>
            <line num="163" count="0" type="stmt"/>
            <line num="165" count="0" type="stmt"/>
            <line num="166" count="0" type="stmt"/>
            <line num="168" count="0" type="stmt"/>
            <line num="169" count="0" type="stmt"/>
            <line falsecount="0" truecount="0" num="169" type="cond"/>
            <line num="170" count="0" type="stmt"/>
            <line num="171" count="0" type="stmt"/>
            <line num="175" count="0" type="stmt"/>
            <line num="176" count="0" type="stmt"/>
            <line falsecount="0" truecount="0" num="176" type="cond"/>
            <line num="177" count="0" type="stmt"/>
            <line num="181" count="0" type="stmt"/>
            <line complexity="2" visibility="private" signature="selectionExistsInList(Selection,List&lt;Selection&gt;) : boolean" num="184" count="0" type="method"/>
            <line num="185" count="0" type="stmt"/>
            <line num="187" count="0" type="stmt"/>
            <line num="188" count="0" type="stmt"/>
            <line falsecount="0" truecount="0" num="188" type="cond"/>
            <line num="189" count="0" type="stmt"/>
            <line num="190" count="0" type="stmt"/>
            <line num="194" count="0" type="stmt"/>
            <line complexity="2" visibility="protected" signature="save(Model,URI) : void" num="197" count="0" type="method"/>
            <line num="199" count="0" type="stmt"/>
            <line num="201" count="0" type="stmt"/>
            <line num="202" count="0" type="stmt"/>
            <line num="203" count="0" type="stmt"/>
            <line num="204" count="0" type="stmt"/>
            <line complexity="1" visibility="private" signature="uploadLatestComputedFC(String) : String" num="217" count="0" type="method"/>
            <line num="218" count="0" type="stmt"/>
            <line num="219" count="0" type="stmt"/>
            <line num="220" count="0" type="stmt"/>
            <line num="221" count="0" type="stmt"/>
            <line num="229" count="0" type="stmt"/>
         </file>
      </package>
   </testproject>
</coverage>